\BOOKMARK [0][-]{chapter.1}{Uvod}{}% 1
\BOOKMARK [0][-]{chapter.2}{Korisnicki zahtjevi}{}% 2
\BOOKMARK [1][-]{section.2.1}{Funkcionalni zahtjevi}{chapter.2}% 3
\BOOKMARK [2][-]{subsection.2.1.1}{Zahtjevi neregistriranog korisnika}{section.2.1}% 4
\BOOKMARK [2][-]{subsection.2.1.2}{Zahtjevi registriranog korisnika}{section.2.1}% 5
\BOOKMARK [1][-]{section.2.2}{Nefunkcionalni zahtjevi}{chapter.2}% 6
\BOOKMARK [0][-]{chapter.3}{Postojeca programska rje\235enja te uvoenje funkcionalnosti dru\235tvenih mre\236a}{}% 7
\BOOKMARK [1][-]{section.3.1}{Leetcode}{chapter.3}% 8
\BOOKMARK [1][-]{section.3.2}{Edgar}{chapter.3}% 9
\BOOKMARK [1][-]{section.3.3}{Codewars}{chapter.3}% 10
\BOOKMARK [1][-]{section.3.4}{HackerRank}{chapter.3}% 11
\BOOKMARK [1][-]{section.3.5}{Zajednicke funkcionalnosti i dodatak funkcionalnosti dru\235tvenih mre\236a}{chapter.3}% 12
\BOOKMARK [0][-]{chapter.4}{Kori\235tene tehnologije}{}% 13
\BOOKMARK [1][-]{section.4.1}{Tehnologije prezentacijskog sloja}{chapter.4}% 14
\BOOKMARK [2][-]{subsection.4.1.1}{React i React Router}{section.4.1}% 15
\BOOKMARK [2][-]{subsection.4.1.2}{Bootstrap}{section.4.1}% 16
\BOOKMARK [2][-]{subsection.4.1.3}{Material-UI}{section.4.1}% 17
\BOOKMARK [2][-]{subsection.4.1.4}{Ace}{section.4.1}% 18
\BOOKMARK [1][-]{section.4.2}{Tehnologije poslovnog sloja}{chapter.4}% 19
\BOOKMARK [2][-]{subsection.4.2.1}{Spring, Spring Boot i povezane tehnologije}{section.4.2}% 20
\BOOKMARK [2][-]{subsection.4.2.2}{Hibernate}{section.4.2}% 21
\BOOKMARK [1][-]{section.4.3}{Tehnologije podatkovnog sloja}{chapter.4}% 22
\BOOKMARK [2][-]{subsection.4.3.1}{PostgreSql}{section.4.3}% 23
\BOOKMARK [1][-]{section.4.4}{Pomocne tehnologije}{chapter.4}% 24
\BOOKMARK [2][-]{subsection.4.4.1}{Axios}{section.4.4}% 25
\BOOKMARK [2][-]{subsection.4.4.2}{Judge0}{section.4.4}% 26
\BOOKMARK [2][-]{subsection.4.4.3}{Git}{section.4.4}% 27
\BOOKMARK [0][-]{chapter.5}{Arhitektura rje\235enja}{}% 28
\BOOKMARK [1][-]{section.5.1}{Domena rje\235enja}{chapter.5}% 29
\BOOKMARK [1][-]{section.5.2}{Implementacija rje\235enja}{chapter.5}% 30
\BOOKMARK [0][-]{chapter.6}{Primjer karakteristicne korisnicke uporabe}{}% 31
\BOOKMARK [1][-]{section.6.1}{Pregled stranice dobrodo\235lice}{chapter.6}% 32
\BOOKMARK [1][-]{section.6.2}{Registracija}{chapter.6}% 33
\BOOKMARK [1][-]{section.6.3}{Prijava}{chapter.6}% 34
\BOOKMARK [1][-]{section.6.4}{Pregled sa\236etaka zadataka}{chapter.6}% 35
\BOOKMARK [1][-]{section.6.5}{Pracenje korisnika}{chapter.6}% 36
\BOOKMARK [1][-]{section.6.6}{Prihvacanje ili odbijanje zahtjeva za pratiteljstvo}{chapter.6}% 37
\BOOKMARK [1][-]{section.6.7}{Detaljan pregled zadatka \(uz opcionalno komentiranje i ocjenjivanje\)}{chapter.6}% 38
\BOOKMARK [1][-]{section.6.8}{Pregled rje\235enja zadatka \(uz opcionalno komentiranje i ocjenjivanje\)}{chapter.6}% 39
\BOOKMARK [1][-]{section.6.9}{Rje\235avanje odabranog zadatka}{chapter.6}% 40
\BOOKMARK [1][-]{section.6.10}{Stvaranje zadatka}{chapter.6}% 41
\BOOKMARK [0][-]{chapter.7}{Buduci razvitak}{}% 42
\BOOKMARK [0][-]{chapter.8}{Zakljucak}{}% 43
\BOOKMARK [0][-]{chapter*.61}{Literatura}{}% 44
