This is pdfTeX, Version 3.14159265-2.6-1.40.21 (MiKTeX 20.6.29) (preloaded format=pdflatex 2020.10.1)  10 JUN 2021 23:57
entering extended mode
**./zavrsni.tex
(zavrsni.tex
LaTeX2e <2020-02-02> patch level 5
L3 programming layer <2020-06-18> (fer.cls
Document Class: fer 
(C:\Languages\Tex\tex/latex/base\report.cls
Document Class: report 2019/12/20 v1.4l Standard LaTeX document class
(C:\Languages\Tex\tex/latex/base\size12.clo
File: size12.clo 2019/12/20 v1.4l Standard LaTeX file (size option)
)
\c@part=\count167
\c@chapter=\count168
\c@section=\count169
\c@subsection=\count170
\c@subsubsection=\count171
\c@paragraph=\count172
\c@subparagraph=\count173
\c@figure=\count174
\c@table=\count175
\abovecaptionskip=\skip47
\belowcaptionskip=\skip48
\bibindent=\dimen134
)
(C:\Languages\Tex\tex/latex/geometry\geometry.sty
Package: geometry 2020/01/02 v5.9 Page Geometry

(C:\Languages\Tex\tex/latex/graphics\keyval.sty
Package: keyval 2014/10/28 v1.15 key=value parser (DPC)
\KV@toks@=\toks15
)
(C:\Languages\Tex\tex/generic/iftex\ifvtex.sty
Package: ifvtex 2019/10/25 v1.7 ifvtex legacy package. Use iftex instead.

(C:\Languages\Tex\tex/generic/iftex\iftex.sty
Package: iftex 2020/03/06 v1.0d TeX engine tests
))
\Gm@cnth=\count176
\Gm@cntv=\count177
\c@Gm@tempcnt=\count178
\Gm@bindingoffset=\dimen135
\Gm@wd@mp=\dimen136
\Gm@odd@mp=\dimen137
\Gm@even@mp=\dimen138
\Gm@layoutwidth=\dimen139
\Gm@layoutheight=\dimen140
\Gm@layouthoffset=\dimen141
\Gm@layoutvoffset=\dimen142
\Gm@dimlist=\toks16

(C:\Languages\Tex\tex/latex/geometry\geometry.cfg))
(C:\Languages\Tex\tex/latex/base\inputenc.sty
Package: inputenc 2018/08/11 v1.3c Input encoding file
\inpenc@prehook=\toks17
\inpenc@posthook=\toks18
)
(C:\Languages\Tex\tex/generic/babel\babel.sty
Package: babel 2020/06/10 3.45 The Babel package

(C:\Languages\Tex\tex/generic/babel\babel.def
File: babel.def 2020/06/10 3.45 Babel common definitions
\babel@savecnt=\count179
\U@D=\dimen143
\l@babelnohyphens=\language79

(C:\Languages\Tex\tex/generic/babel\txtbabel.def)
\bbl@readstream=\read2
)
\bbl@dirlevel=\count180

*************************************
* Local config file bblopts.cfg used
*
(C:\Languages\Tex\tex/latex/arabi\bblopts.cfg
File: bblopts.cfg 2005/09/08 v0.1 add Arabic and Farsi to "declared" options of
 babel
)
(C:\Languages\Tex\tex/latex/babel-croatian\croatian.ldf
Language: croatian 2014/03/31 v1.3m Croatian support from the babel system
))
(C:\Languages\Tex\tex/latex/base\fontenc.sty
Package: fontenc 2020/02/11 v2.0o Standard LaTeX package
)
(C:\Languages\Tex\tex/latex/graphics\graphicx.sty
Package: graphicx 2019/11/30 v1.2a Enhanced LaTeX Graphics (DPC,SPQR)

(C:\Languages\Tex\tex/latex/graphics\graphics.sty
Package: graphics 2019/11/30 v1.4a Standard LaTeX Graphics (DPC,SPQR)

(C:\Languages\Tex\tex/latex/graphics\trig.sty
Package: trig 2016/01/03 v1.10 sin cos tan (DPC)
)
(C:\Languages\Tex\tex/latex/graphics-cfg\graphics.cfg
File: graphics.cfg 2016/06/04 v1.11 sample graphics configuration
)
Package graphics Info: Driver file: pdftex.def on input line 105.

(C:\Languages\Tex\tex/latex/graphics-def\pdftex.def
File: pdftex.def 2018/01/08 v1.0l Graphics/color driver for pdftex
))
\Gin@req@height=\dimen144
\Gin@req@width=\dimen145
)
(C:\Languages\Tex\tex/latex/amsfonts\amssymb.sty
Package: amssymb 2013/01/14 v3.01 AMS font symbols

(C:\Languages\Tex\tex/latex/amsfonts\amsfonts.sty
Package: amsfonts 2013/01/14 v3.01 Basic AMSFonts support
\@emptytoks=\toks19
\symAMSa=\mathgroup4
\symAMSb=\mathgroup5
LaTeX Font Info:    Redeclaring math symbol \hbar on input line 98.
LaTeX Font Info:    Overwriting math alphabet `\mathfrak' in version `bold'
(Font)                  U/euf/m/n --> U/euf/b/n on input line 106.
))
(C:\Languages\Tex\tex/latex/amsmath\amsmath.sty
Package: amsmath 2020/01/20 v2.17e AMS math features
\@mathmargin=\skip49

For additional information on amsmath, use the `?' option.
(C:\Languages\Tex\tex/latex/amsmath\amstext.sty
Package: amstext 2000/06/29 v2.01 AMS text

(C:\Languages\Tex\tex/latex/amsmath\amsgen.sty
File: amsgen.sty 1999/11/30 v2.0 generic functions
\@emptytoks=\toks20
\ex@=\dimen146
))
(C:\Languages\Tex\tex/latex/amsmath\amsbsy.sty
Package: amsbsy 1999/11/29 v1.2d Bold Symbols
\pmbraise@=\dimen147
)
(C:\Languages\Tex\tex/latex/amsmath\amsopn.sty
Package: amsopn 2016/03/08 v2.02 operator names
)
\inf@bad=\count181
LaTeX Info: Redefining \frac on input line 227.
\uproot@=\count182
\leftroot@=\count183
LaTeX Info: Redefining \overline on input line 389.
\classnum@=\count184
\DOTSCASE@=\count185
LaTeX Info: Redefining \ldots on input line 486.
LaTeX Info: Redefining \dots on input line 489.
LaTeX Info: Redefining \cdots on input line 610.
\Mathstrutbox@=\box45
\strutbox@=\box46
\big@size=\dimen148
LaTeX Font Info:    Redeclaring font encoding OML on input line 733.
LaTeX Font Info:    Redeclaring font encoding OMS on input line 734.
\macc@depth=\count186
\c@MaxMatrixCols=\count187
\dotsspace@=\muskip16
\c@parentequation=\count188
\dspbrk@lvl=\count189
\tag@help=\toks21
\row@=\count190
\column@=\count191
\maxfields@=\count192
\andhelp@=\toks22
\eqnshift@=\dimen149
\alignsep@=\dimen150
\tagshift@=\dimen151
\tagwidth@=\dimen152
\totwidth@=\dimen153
\lineht@=\dimen154
\@envbody=\toks23
\multlinegap=\skip50
\multlinetaggap=\skip51
\mathdisplay@stack=\toks24
LaTeX Info: Redefining \[ on input line 2859.
LaTeX Info: Redefining \] on input line 2860.
)
(C:\Languages\Tex\tex/latex/base\fixltx2e.sty
Package: fixltx2e 2016/12/29 v2.1a fixes to LaTeX (obsolete)
Applying: [2015/01/01] Old fixltx2e package on input line 46.


Package fixltx2e Warning: fixltx2e is not required with releases after 2015
(fixltx2e)                All fixes are now in the LaTeX kernel.
(fixltx2e)                See the latexrelease package for details.

Already applied: [0000/00/00] Old fixltx2e package on input line 53.
) (C:\Languages\Tex\tex/latex/caption\caption.sty
Package: caption 2020/10/26 v3.5g Customizing captions (AR)

(C:\Languages\Tex\tex/latex/caption\caption3.sty
Package: caption3 2020/10/21 v2.2e caption3 kernel (AR)
\captionmargin=\dimen155
\captionmargin@=\dimen156
\captionwidth=\dimen157
\caption@tempdima=\dimen158
\caption@indent=\dimen159
\caption@parindent=\dimen160
\caption@hangindent=\dimen161
Package caption Info: Standard document class detected.
)
\c@caption@flags=\count193
\c@continuedfloat=\count194
)
(C:\Languages\Tex\tex/latex/base\ifthen.sty
Package: ifthen 2014/09/29 v1.1c Standard LaTeX ifthen package (DPC)
)
(C:\Languages\Tex\tex/latex/url\url.sty
\Urlmuskip=\muskip17
Package: url 2013/09/16  ver 3.4  Verb mode for urls, etc.
)
(C:\Languages\Tex\tex/latex/enumitem\enumitem.sty
Package: enumitem 2019/06/20 v3.9 Customized lists
\labelindent=\skip52
\enit@outerparindent=\dimen162
\enit@toks=\toks25
\enit@inbox=\box47
\enit@count@id=\count195
\enitdp@description=\count196
)
(C:\Languages\Tex\tex/latex/tocbibind\tocbibind.sty
Package: tocbibind 2010/10/13 v1.5k extra ToC listings
Package tocbibind Info: The document has chapter divisions on input line 50.


Package tocbibind Note: Using chapter style headings, unless overridden.

) (C:\Languages\Tex\tex/latex/psnfss\times.sty
Package: times 2020/03/25 PSNFSS-v9.3 (SPQR) 
)
(C:\Languages\Tex\tex/latex/natbib\natbib.sty
Package: natbib 2010/09/13 8.31b (PWD, AO)
\bibhang=\skip53
\bibsep=\skip54
LaTeX Info: Redefining \cite on input line 694.
\c@NAT@ctr=\count197
)
\listindentation=\dimen163
)
(C:\Languages\Tex\tex/latex/booktabs\booktabs.sty
Package: booktabs 2020/01/12 v1.61803398 Publication quality tables
\heavyrulewidth=\dimen164
\lightrulewidth=\dimen165
\cmidrulewidth=\dimen166
\belowrulesep=\dimen167
\belowbottomsep=\dimen168
\aboverulesep=\dimen169
\abovetopsep=\dimen170
\cmidrulesep=\dimen171
\cmidrulekern=\dimen172
\defaultaddspace=\dimen173
\@cmidla=\count198
\@cmidlb=\count199
\@aboverulesep=\dimen174
\@belowrulesep=\dimen175
\@thisruleclass=\count266
\@lastruleclass=\count267
\@thisrulewidth=\dimen176
)
(C:\Languages\Tex\tex/latex/tabu\tabu.sty
Package: tabu 2019/01/11 v2.9 - flexible LaTeX tabulars (FC+tabu-fixed)

(C:\Languages\Tex\tex/latex/tools\array.sty
Package: array 2019/08/31 v2.4l Tabular extension package (FMi)
\col@sep=\dimen177
\ar@mcellbox=\box48
\extrarowheight=\dimen178
\NC@list=\toks26
\extratabsurround=\skip55
\backup@length=\skip56
\ar@cellbox=\box49
)
(C:\Languages\Tex\tex/latex/varwidth\varwidth.sty
Package: varwidth 2009/03/30 ver 0.92;  Variable-width minipages
\@vwid@box=\box50
\sift@deathcycles=\count268
\@vwid@loff=\dimen179
\@vwid@roff=\dimen180
)
\c@taburow=\count269
\tabu@nbcols=\count270
\tabu@cnt=\count271
\tabu@Xcol=\count272
\tabu@alloc=\count273
\tabu@nested=\count274
\tabu@target=\dimen181
\tabu@spreadtarget=\dimen182
\tabu@naturalX=\dimen183
\tabucolX=\dimen184
\tabu@Xsum=\dimen185
\extrarowdepth=\dimen186
\abovetabulinesep=\dimen187
\belowtabulinesep=\dimen188
\tabustrutrule=\dimen189
\tabu@thebody=\toks27
\tabu@footnotes=\toks28
\tabu@box=\box51
\tabu@arstrutbox=\box52
\tabu@hleads=\box53
\tabu@vleads=\box54
\tabu@cellskip=\skip57
)
(C:\Languages\Tex\tex/latex/float\float.sty
Package: float 2001/11/08 v1.3d Float enhancements (AL)
\c@float@type=\count275
\float@exts=\toks29
\float@box=\box55
\@float@everytoks=\toks30
\@floatcapt=\box56
)
(C:\Languages\Tex\tex/latex/hyperref\hyperref.sty
Package: hyperref 2020-05-15 v7.00e Hypertext links for LaTeX

(C:\Languages\Tex\tex/generic/ltxcmds\ltxcmds.sty
Package: ltxcmds 2019/12/15 v1.24 LaTeX kernel commands for general use (HO)
)
(C:\Languages\Tex\tex/generic/pdftexcmds\pdftexcmds.sty
Package: pdftexcmds 2020-06-27 v0.33 Utility functions of pdfTeX for LuaTeX (HO
)

(C:\Languages\Tex\tex/generic/infwarerr\infwarerr.sty
Package: infwarerr 2019/12/03 v1.5 Providing info/warning/error messages (HO)
)
Package pdftexcmds Info: \pdf@primitive is available.
Package pdftexcmds Info: \pdf@ifprimitive is available.
Package pdftexcmds Info: \pdfdraftmode found.
)
(C:\Languages\Tex\tex/generic/kvsetkeys\kvsetkeys.sty
Package: kvsetkeys 2019/12/15 v1.18 Key value parser (HO)
)
(C:\Languages\Tex\tex/generic/kvdefinekeys\kvdefinekeys.sty
Package: kvdefinekeys 2019-12-19 v1.6 Define keys (HO)
)
(C:\Languages\Tex\tex/generic/pdfescape\pdfescape.sty
Package: pdfescape 2019/12/09 v1.15 Implements pdfTeX's escape features (HO)
)
(C:\Languages\Tex\tex/latex/hycolor\hycolor.sty
Package: hycolor 2020-01-27 v1.10 Color options for hyperref/bookmark (HO)
)
(C:\Languages\Tex\tex/latex/letltxmacro\letltxmacro.sty
Package: letltxmacro 2019/12/03 v1.6 Let assignment for LaTeX macros (HO)
)
(C:\Languages\Tex\tex/latex/auxhook\auxhook.sty
Package: auxhook 2019-12-17 v1.6 Hooks for auxiliary files (HO)
)
(C:\Languages\Tex\tex/latex/kvoptions\kvoptions.sty
Package: kvoptions 2019/11/29 v3.13 Key value format for package options (HO)
)
\@linkdim=\dimen190
\Hy@linkcounter=\count276
\Hy@pagecounter=\count277

(C:\Languages\Tex\tex/latex/hyperref\pd1enc.def
File: pd1enc.def 2020-05-15 v7.00e Hyperref: PDFDocEncoding definition (HO)
Now handling font encoding PD1 ...
... no UTF-8 mapping file for font encoding PD1
)
(C:\Languages\Tex\tex/generic/intcalc\intcalc.sty
Package: intcalc 2019/12/15 v1.3 Expandable calculations with integers (HO)
)
(C:\Languages\Tex\tex/generic/etexcmds\etexcmds.sty
Package: etexcmds 2019/12/15 v1.7 Avoid name clashes with e-TeX commands (HO)
)
\Hy@SavedSpaceFactor=\count278
Package hyperref Info: Hyper figures OFF on input line 4464.
Package hyperref Info: Link nesting OFF on input line 4469.
Package hyperref Info: Hyper index ON on input line 4472.
Package hyperref Info: Plain pages OFF on input line 4479.
Package hyperref Info: Backreferencing OFF on input line 4484.
Package hyperref Info: Implicit mode ON; LaTeX internals redefined.
Package hyperref Info: Bookmarks ON on input line 4717.
\c@Hy@tempcnt=\count279
LaTeX Info: Redefining \url on input line 5076.
\XeTeXLinkMargin=\dimen191

(C:\Languages\Tex\tex/generic/bitset\bitset.sty
Package: bitset 2019/12/09 v1.3 Handle bit-vector datatype (HO)

(C:\Languages\Tex\tex/generic/bigintcalc\bigintcalc.sty
Package: bigintcalc 2019/12/15 v1.5 Expandable calculations on big integers (HO
)
))
\Fld@menulength=\count280
\Field@Width=\dimen192
\Fld@charsize=\dimen193
Package hyperref Info: Hyper figures OFF on input line 6347.
Package hyperref Info: Link nesting OFF on input line 6352.
Package hyperref Info: Hyper index ON on input line 6355.
Package hyperref Info: backreferencing OFF on input line 6362.
Package hyperref Info: Link coloring OFF on input line 6367.
Package hyperref Info: Link coloring with OCG OFF on input line 6372.
Package hyperref Info: PDF/A mode OFF on input line 6377.
LaTeX Info: Redefining \ref on input line 6417.
LaTeX Info: Redefining \pageref on input line 6421.

(C:\Languages\Tex\tex/generic/atbegshi\atbegshi.sty
Package: atbegshi 2019/12/05 v1.19 At begin shipout hook (HO)
)
\Hy@abspage=\count281
\c@Item=\count282
\c@Hfootnote=\count283
)
Package hyperref Info: Driver (autodetected): hpdftex.

(C:\Languages\Tex\tex/latex/hyperref\hpdftex.def
File: hpdftex.def 2020-05-15 v7.00e Hyperref driver for pdfTeX

(C:\Languages\Tex\tex/latex/atveryend\atveryend.sty
Package: atveryend 2019-12-11 v1.11 Hooks at the very end of document (HO)
Package atveryend Info: \enddocument detected (standard20110627).
)
\Fld@listcount=\count284
\c@bookmark@seq@number=\count285

(C:\Languages\Tex\tex/latex/rerunfilecheck\rerunfilecheck.sty
Package: rerunfilecheck 2019/12/05 v1.9 Rerun checks for auxiliary files (HO)

(C:\Languages\Tex\tex/generic/uniquecounter\uniquecounter.sty
Package: uniquecounter 2019/12/15 v1.4 Provide unlimited unique counter (HO)
)
Package uniquecounter Info: New unique counter `rerunfilecheck' on input line 2
86.
)
\Hy@SectionHShift=\skip58
)
(C:\Languages\Tex\tex/latex/l3backend\l3backend-pdfmode.def
File: l3backend-pdfmode.def 2020-06-29 L3 backend support: PDF mode
\l__kernel_color_stack_int=\count286
\l__pdf_internal_box=\box57
) (zavrsni.aux)
\openout1 = `zavrsni.aux'.

LaTeX Font Info:    Checking defaults for OML/cmm/m/it on input line 8.
LaTeX Font Info:    ... okay on input line 8.
LaTeX Font Info:    Checking defaults for OMS/cmsy/m/n on input line 8.
LaTeX Font Info:    ... okay on input line 8.
LaTeX Font Info:    Checking defaults for OT1/cmr/m/n on input line 8.
LaTeX Font Info:    ... okay on input line 8.
LaTeX Font Info:    Checking defaults for T1/cmr/m/n on input line 8.
LaTeX Font Info:    ... okay on input line 8.
LaTeX Font Info:    Checking defaults for TS1/cmr/m/n on input line 8.
LaTeX Font Info:    ... okay on input line 8.
LaTeX Font Info:    Checking defaults for OMX/cmex/m/n on input line 8.
LaTeX Font Info:    ... okay on input line 8.
LaTeX Font Info:    Checking defaults for U/cmr/m/n on input line 8.
LaTeX Font Info:    ... okay on input line 8.
LaTeX Font Info:    Checking defaults for PD1/pdf/m/n on input line 8.
LaTeX Font Info:    ... okay on input line 8.
LaTeX Font Info:    Trying to load font information for T1+ptm on input line 8.


(C:\Languages\Tex\tex/latex/psnfss\t1ptm.fd
File: t1ptm.fd 2001/06/04 font definitions for T1/ptm.
)
*geometry* driver: auto-detecting
*geometry* detected driver: pdftex
*geometry* verbose mode - [ preamble ] result:
* driver: pdftex
* paper: a4paper
* layout: <same size as paper>
* layoutoffset:(h,v)=(0.0pt,0.0pt)
* modes: 
* h-part:(L,W,R)=(99.58464pt, 412.56497pt, 85.35826pt)
* v-part:(T,H,B)=(85.35826pt, 674.33032pt, 85.35826pt)
* \paperwidth=597.50787pt
* \paperheight=845.04684pt
* \textwidth=412.56497pt
* \textheight=674.33032pt
* \oddsidemargin=27.31465pt
* \evensidemargin=27.31465pt
* \topmargin=-23.91173pt
* \headheight=12.0pt
* \headsep=25.0pt
* \topskip=12.0pt
* \footskip=30.0pt
* \marginparwidth=44.0pt
* \marginparsep=10.0pt
* \columnsep=10.0pt
* \skip\footins=10.8pt plus 4.0pt minus 2.0pt
* \hoffset=0.0pt
* \voffset=0.0pt
* \mag=1000
* \@twocolumnfalse
* \@twosidefalse
* \@mparswitchfalse
* \@reversemarginfalse
* (1in=72.27pt=25.4mm, 1cm=28.453pt)

(C:\Languages\Tex\tex/context/base/mkii\supp-pdf.mkii
[Loading MPS to PDF converter (version 2006.09.02).]
\scratchcounter=\count287
\scratchdimen=\dimen194
\scratchbox=\box58
\nofMPsegments=\count288
\nofMParguments=\count289
\everyMPshowfont=\toks31
\MPscratchCnt=\count290
\MPscratchDim=\dimen195
\MPnumerator=\count291
\makeMPintoPDFobject=\count292
\everyMPtoPDFconversion=\toks32
) (C:\Languages\Tex\tex/latex/epstopdf-pkg\epstopdf-base.sty
Package: epstopdf-base 2020-01-24 v2.11 Base part for package epstopdf
Package epstopdf-base Info: Redefining graphics rule for `.eps' on input line 4
85.
)
Package caption Info: Begin \AtBeginDocument code.
Package caption Info: float package is loaded.
Package caption Info: hyperref package is loaded.
Package caption Info: End \AtBeginDocument code.
\AtBeginShipoutBox=\box59
Package hyperref Info: Link coloring OFF on input line 8.

(C:\Languages\Tex\tex/latex/hyperref\nameref.sty
Package: nameref 2019/09/16 v2.46 Cross-referencing by name of section

(C:\Languages\Tex\tex/latex/refcount\refcount.sty
Package: refcount 2019/12/15 v3.6 Data extraction from label references (HO)
)
(C:\Languages\Tex\tex/generic/gettitlestring\gettitlestring.sty
Package: gettitlestring 2019/12/15 v1.6 Cleanup title references (HO)
)
\c@section@level=\count293
)
LaTeX Info: Redefining \ref on input line 8.
LaTeX Info: Redefining \pageref on input line 8.
LaTeX Info: Redefining \nameref on input line 8.
 (zavrsni.out) (zavrsni.out)
\@outlinefile=\write3
\openout3 = `zavrsni.out'.

LaTeX Font Info:    Trying to load font information for T1+phv on input line 20
.
 (C:\Languages\Tex\tex/latex/psnfss\t1phv.fd
File: t1phv.fd 2020/03/25 scalable font definitions for T1/phv.
)
LaTeX Font Info:    Trying to load font information for U+msa on input line 20.


(C:\Languages\Tex\tex/latex/amsfonts\umsa.fd
File: umsa.fd 2013/01/14 v3.01 AMS symbols A
)
LaTeX Font Info:    Trying to load font information for U+msb on input line 20.


(C:\Languages\Tex\tex/latex/amsfonts\umsb.fd
File: umsb.fd 2013/01/14 v3.01 AMS symbols B
) [1

{C:/Users/Nikola/AppData/Local/MiKTeX/pdftex/config/pdftex.map}]
LaTeX Font Info:    Trying to load font information for T1+pcr on input line 22
.
 (C:\Languages\Tex\tex/latex/psnfss\t1pcr.fd
File: t1pcr.fd 2001/06/04 font definitions for T1/pcr.
)pdfTeX warning (ext4): destination with the same identifier (name{page.i}) has
 been already used, duplicate ignored
<to be read again> 
                   \relax 
l.25 ...kojeg ovaj zavrÅ¡ni rad ne bi bio moguÄ‡.}
                                                   [1] [3] (zavrsni.toc
[4

])
\tf@toc=\write4
\openout4 = `zavrsni.toc'.

 [5]
Poglavlje 1.
[1

]
Poglavlje 2.

Package hyperref Warning: Composite letter `\textasciicaron+c'
(hyperref)                not defined in PD1 encoding,
(hyperref)                removing `\textasciicaron' on input line 34.

<pictures/zahtjevi/nereg_korisnik.png, id=261, 796.47563pt x 518.6878pt>
File: pictures/zahtjevi/nereg_korisnik.png Graphic file (type png)
<use pictures/zahtjevi/nereg_korisnik.png>
Package pdftex.def Info: pictures/zahtjevi/nereg_korisnik.png  used on input li
ne 46.
(pdftex.def)             Requested size: 412.56497pt x 268.67448pt.
[2

]
<pictures/zahtjevi/korisnik1.png, id=271, 1093.08376pt x 756.57657pt>
File: pictures/zahtjevi/korisnik1.png Graphic file (type png)
<use pictures/zahtjevi/korisnik1.png>
Package pdftex.def Info: pictures/zahtjevi/korisnik1.png  used on input line 61
.
(pdftex.def)             Requested size: 412.56497pt x 285.55107pt.
 [3 <./pictures/zahtjevi/nereg_korisnik.png>]
<pictures/zahtjevi/korisnik2.png, id=277, 1111.15125pt x 804.00375pt>
File: pictures/zahtjevi/korisnik2.png Graphic file (type png)
<use pictures/zahtjevi/korisnik2.png>
Package pdftex.def Info: pictures/zahtjevi/korisnik2.png  used on input line 67
.
(pdftex.def)             Requested size: 412.56497pt x 298.51952pt.
 [4 <./pictures/zahtjevi/korisnik1.png>] [5 <./pictures/zahtjevi/korisnik2.png>
]
Poglavlje 3.
<pictures/prikazi/Leetcode.png, id=294, 1011.02719pt x 492.33937pt>
File: pictures/prikazi/Leetcode.png Graphic file (type png)
<use pictures/prikazi/Leetcode.png>
Package pdftex.def Info: pictures/prikazi/Leetcode.png  used on input line 97.
(pdftex.def)             Requested size: 412.56497pt x 200.90636pt.
[6

]
<pictures/prikazi/Edgar.png, id=303, 1433.355pt x 713.66624pt>
File: pictures/prikazi/Edgar.png Graphic file (type png)
<use pictures/prikazi/Edgar.png>
Package pdftex.def Info: pictures/prikazi/Edgar.png  used on input line 108.
(pdftex.def)             Requested size: 412.56497pt x 205.41158pt.
 [7 <./pictures/prikazi/Leetcode.png>]
<pictures/prikazi/Codewars.png, id=310, 1444.39626pt x 826.08624pt>
File: pictures/prikazi/Codewars.png Graphic file (type png)
<use pictures/prikazi/Codewars.png>
Package pdftex.def Info: pictures/prikazi/Codewars.png  used on input line 120.

(pdftex.def)             Requested size: 412.56497pt x 235.95383pt.
 [8 <./pictures/prikazi/Edgar.png>]
<pictures/prikazi/HackerRank.png, id=318, 745.28438pt x 437.38406pt>
File: pictures/prikazi/HackerRank.png Graphic file (type png)
<use pictures/prikazi/HackerRank.png>
Package pdftex.def Info: pictures/prikazi/HackerRank.png  used on input line 13
1.
(pdftex.def)             Requested size: 412.56497pt x 242.11699pt.

[9 <./pictures/prikazi/Codewars.png (PNG copy)>]

Package hyperref Warning: Composite letter `\textasciicaron+c'
(hyperref)                not defined in PD1 encoding,
(hyperref)                removing `\textasciicaron' on input line 136.

[10 <./pictures/prikazi/HackerRank.png>] [11]
Poglavlje 4.

Overfull \hbox (0.49489pt too wide) in paragraph at lines 162--163
\T1/ptm/m/n/12 Tijekom ra-zvoja in-ter-net-ske apli-ka-cije Co-de-flow ko-ri-²t
ene su teh-no-lo-gije koje se uglav-
 []

<pictures/prikazi/SPA.png, id=340, 883.04906pt x 486.31688pt>
File: pictures/prikazi/SPA.png Graphic file (type png)
<use pictures/prikazi/SPA.png>
Package pdftex.def Info: pictures/prikazi/SPA.png  used on input line 172.
(pdftex.def)             Requested size: 412.56497pt x 227.211pt.
[12

]
<pictures/prikazi/React.png, id=352, 471.26062pt x 328.97906pt>
File: pictures/prikazi/React.png Graphic file (type png)
<use pictures/prikazi/React.png>
Package pdftex.def Info: pictures/prikazi/React.png  used on input line 181.
(pdftex.def)             Requested size: 353.4446pt x 246.73369pt.

Underfull \hbox (badness 10000) in paragraph at lines 178--184

 []

[13 <./pictures/prikazi/SPA.png>]
<pictures/prikazi/ReactRouter.png, id=361, 451.6875pt x 237.88875pt>
File: pictures/prikazi/ReactRouter.png Graphic file (type png)
<use pictures/prikazi/ReactRouter.png>
Package pdftex.def Info: pictures/prikazi/ReactRouter.png  used on input line 1
88.
(pdftex.def)             Requested size: 338.76479pt x 178.4161pt.
 [14 <./pictures/prikazi/React.png>]
<pictures/prikazi/Bootstrap.png, id=371, 598.48593pt x 87.32625pt>
File: pictures/prikazi/Bootstrap.png Graphic file (type png)
<use pictures/prikazi/Bootstrap.png>
Package pdftex.def Info: pictures/prikazi/Bootstrap.png  used on input line 197
.
(pdftex.def)             Requested size: 412.56497pt x 60.1992pt.
<pictures/prikazi/MaterialUI.png, id=373, 451.6875pt x 358.33875pt>
File: pictures/prikazi/MaterialUI.png Graphic file (type png)
<use pictures/prikazi/MaterialUI.png>
Package pdftex.def Info: pictures/prikazi/MaterialUI.png  used on input line 20
6.
(pdftex.def)             Requested size: 338.76479pt x 268.7534pt.
 [15 <./pictures/prikazi/ReactRouter.png> <./pictures/prikazi/Bootstrap.png>]
<pictures/prikazi/AceEditor.png, id=385, 376.40625pt x 203.25937pt>
File: pictures/prikazi/AceEditor.png Graphic file (type png)
<use pictures/prikazi/AceEditor.png>
Package pdftex.def Info: pictures/prikazi/AceEditor.png  used on input line 215
.
(pdftex.def)             Requested size: 282.30399pt x 152.44414pt.
 [16 <./pictures/prikazi/MaterialUI.png> <./pictures/prikazi/AceEditor.png>]
<pictures/prikazi/Spring.png, id=400, 866.48718pt x 531.48563pt>
File: pictures/prikazi/Spring.png Graphic file (type png)
<use pictures/prikazi/Spring.png>
Package pdftex.def Info: pictures/prikazi/Spring.png  used on input line 227.
(pdftex.def)             Requested size: 412.56497pt x 253.05843pt.
 [17]
<pictures/prikazi/SpringSecurity.png, id=411, 843.90282pt x 558.58687pt>
File: pictures/prikazi/SpringSecurity.png Graphic file (type png)
<use pictures/prikazi/SpringSecurity.png>
Package pdftex.def Info: pictures/prikazi/SpringSecurity.png  used on input lin
e 236.
(pdftex.def)             Requested size: 412.56497pt x 273.08775pt.

Overfull \hbox (1.05862pt too wide) in paragraph at lines 233--239
\T1/ptm/m/n/12 ti-fi-ka-ciju (engl. \T1/ptm/m/it/12 aut-hen-ti-ca-tion\T1/ptm/m
/n/12 ) (pro-ces je pri-ka-zan na slici []4.8[]) i auto-ri-za-ciju (engl. \T1/p
tm/m/it/12 aut-
 []

[18 <./pictures/prikazi/Spring.png>] [19 <./pictures/prikazi/SpringSecurity.png
>]
<pictures/prikazi/Axios.png, id=433, 451.6875pt x 189.70876pt>
File: pictures/prikazi/Axios.png Graphic file (type png)
<use pictures/prikazi/Axios.png>
Package pdftex.def Info: pictures/prikazi/Axios.png  used on input line 261.
(pdftex.def)             Requested size: 293.59338pt x 123.30922pt.
 [20 <./pictures/prikazi/Axios.png>] [21]
Poglavlje 5.
<pictures/prikazi/Database.png, id=452, 836.3747pt x 730.22812pt>
File: pictures/prikazi/Database.png Graphic file (type png)
<use pictures/prikazi/Database.png>
Package pdftex.def Info: pictures/prikazi/Database.png  used on input line 276.

(pdftex.def)             Requested size: 412.56497pt x 360.21051pt.

Overfull \hbox (3.44676pt too wide) in paragraph at lines 273--279
\T1/ptm/m/n/12 Domena rje-²e-nja os-tva-rena je de-fi-ni-ci-jom re-la-cij-ske b
aze po-da-taka po-mo¢u Pos-t-greSQL
 []

[22

]
Overfull \hbox (4.36732pt too wide) in paragraph at lines 280--295
[]\T1/ptm/m/n/12 Valja na-po-me-nuti da sve ta-blice di-jele atri-bute ts_creat
ed, ts_modified, user_created,
 []


Underfull \hbox (badness 10000) in paragraph at lines 314--314
[]\T1/ptm/m/n/12 korisnikovo ko-ris-ni£ko
 []


Underfull \hbox (badness 1635) in paragraph at lines 314--314
[]\T1/ptm/m/n/12 korisnikov e-mail, mora
 []


Underfull \hbox (badness 2111) in paragraph at lines 314--314
[]\T1/ptm/m/n/12 bodovi koje je ko-ris-nik
 []


Underfull \hbox (badness 2111) in paragraph at lines 314--314
[]\T1/ptm/m/n/12 bodovi koje je ko-ris-nik
 []

[23 <./pictures/prikazi/Database.png>]
Underfull \hbox (badness 10000) in paragraph at lines 333--333
[]\T1/ptm/m/n/12 autorovo rje-²e-nje (nije
 []

[24]
Underfull \hbox (badness 10000) in paragraph at lines 388--388
[]\T1/ptm/m/n/12 jedinstveni iden-ti-fi-ka-
 []


Underfull \hbox (badness 6300) in paragraph at lines 388--388
\T1/ptm/m/n/12 tor pro-gram-skog je-zika
 []

[25]
Underfull \hbox (badness 10000) in paragraph at lines 438--438
[]\T1/ptm/m/n/12 strani klju£ ko-ris-nika
 []


Underfull \hbox (badness 10000) in paragraph at lines 438--438
[]\T1/ptm/m/n/12 strani klju£ ocje-nje-nog
 []

[26]
Underfull \hbox (badness 10000) in paragraph at lines 455--455
[]\T1/ptm/m/n/12 strani klju£ ko-ris-nika
 []


Overfull \hbox (3.63612pt too wide) in paragraph at lines 441--456
[]\T1/ptm/m/n/12 Tablica \T1/ptm/b/n/12 task_grading \T1/ptm/m/n/12 pred-stav-l
ja ocjene ve-zane uz je-dan pro-gram-ski za-da-tak. Vlas-
 []

[27]
Underfull \hbox (badness 10000) in paragraph at lines 506--506
[]\T1/ptm/m/n/12 provjera pu-no-prav-nosti
 []

<pictures/prikazi/Arhitektura.png, id=494, 1056.94875pt x 602.25pt>
File: pictures/prikazi/Arhitektura.png Graphic file (type png)
<use pictures/prikazi/Arhitektura.png>
Package pdftex.def Info: pictures/prikazi/Arhitektura.png  used on input line 5
13.
(pdftex.def)             Requested size: 412.56497pt x 235.07872pt.
[28]
<pictures/prikazi/AxiosInterceptor.png, id=503, 482.55281pt x 528.47438pt>
File: pictures/prikazi/AxiosInterceptor.png Graphic file (type png)
<use pictures/prikazi/AxiosInterceptor.png>
Package pdftex.def Info: pictures/prikazi/AxiosInterceptor.png  used on input l
ine 525.
(pdftex.def)             Requested size: 313.6556pt x 343.50427pt.
 [29 <./pictures/prikazi/Arhitektura.png>] [30 <./pictures/prikazi/AxiosInterce
ptor.png>]
<pictures/prikazi/JwtFilter.png, id=519, 815.29594pt x 505.13719pt>
File: pictures/prikazi/JwtFilter.png Graphic file (type png)
<use pictures/prikazi/JwtFilter.png>
Package pdftex.def Info: pictures/prikazi/JwtFilter.png  used on input line 539
.
(pdftex.def)             Requested size: 412.56497pt x 255.61253pt.
 [31]
<pictures/prikazi/Controllers.png, id=528, 164.86594pt x 147.55125pt>
File: pictures/prikazi/Controllers.png Graphic file (type png)
<use pictures/prikazi/Controllers.png>
Package pdftex.def Info: pictures/prikazi/Controllers.png  used on input line 5
47.
(pdftex.def)             Requested size: 123.64912pt x 110.66315pt.
<pictures/prikazi/Services.png, id=529, 181.42781pt x 184.43906pt>
File: pictures/prikazi/Services.png Graphic file (type png)
<use pictures/prikazi/Services.png>
Package pdftex.def Info: pictures/prikazi/Services.png  used on input line 555.

(pdftex.def)             Requested size: 136.07053pt x 138.32895pt.
 [32 <./pictures/prikazi/JwtFilter.png> <./pictures/prikazi/Controllers.png>] [
33 <./pictures/prikazi/Services.png>]
Poglavlje 6.
<pictures/evaluacija/pocetak.png, id=546, 1443.89438pt x 715.92468pt>
File: pictures/evaluacija/pocetak.png Graphic file (type png)
<use pictures/evaluacija/pocetak.png>
Package pdftex.def Info: pictures/evaluacija/pocetak.png  used on input line 56
9.
(pdftex.def)             Requested size: 412.56497pt x 204.55408pt.

Underfull \hbox (badness 10000) in paragraph at lines 566--572

 []

<pictures/evaluacija/error.png, id=548, 1444.64719pt x 716.6775pt>
File: pictures/evaluacija/error.png Graphic file (type png)
<use pictures/evaluacija/error.png>
Package pdftex.def Info: pictures/evaluacija/error.png  used on input line 576.

(pdftex.def)             Requested size: 412.56497pt x 204.67076pt.
[34

 <./pictures/evaluacija/pocetak.png>]
<pictures/evaluacija/badeval.png, id=556, 1444.64719pt x 715.92468pt>
File: pictures/evaluacija/badeval.png Graphic file (type png)
<use pictures/evaluacija/badeval.png>
Package pdftex.def Info: pictures/evaluacija/badeval.png  used on input line 58
3.
(pdftex.def)             Requested size: 412.56497pt x 204.45576pt.
 [35 <./pictures/evaluacija/error.png>]
<pictures/evaluacija/goodeval.png, id=565, 1444.64719pt x 718.93594pt>
File: pictures/evaluacija/goodeval.png Graphic file (type png)
<use pictures/evaluacija/goodeval.png>
Package pdftex.def Info: pictures/evaluacija/goodeval.png  used on input line 5
90.
(pdftex.def)             Requested size: 412.56497pt x 205.31573pt.
<pictures/prikazi/Algorithm.png, id=567, 621.32124pt x 1044.90375pt>
File: pictures/prikazi/Algorithm.png Graphic file (type png)
<use pictures/prikazi/Algorithm.png>
Package pdftex.def Info: pictures/prikazi/Algorithm.png  used on input line 597
.
(pdftex.def)             Requested size: 412.56497pt x 693.83186pt.
[36 <./pictures/evaluacija/badeval.png> <./pictures/evaluacija/goodeval.png>]
Overfull \vbox (47.18156pt too high) has occurred while \output is active []


[37 <./pictures/prikazi/Algorithm.png>] [38]
Poglavlje 7.

Package hyperref Warning: Composite letter `\textasciicaron+c'
(hyperref)                not defined in PD1 encoding,
(hyperref)                removing `\textasciicaron' on input line 603.


Package hyperref Warning: Composite letter `\textasciicaron+c'
(hyperref)                not defined in PD1 encoding,
(hyperref)                removing `\textasciicaron' on input line 603.

<pictures/koristenje/StranicaDobrodoslice.png, id=586, 1443.89438pt x 715.92468
pt>
File: pictures/koristenje/StranicaDobrodoslice.png Graphic file (type png)
<use pictures/koristenje/StranicaDobrodoslice.png>
Package pdftex.def Info: pictures/koristenje/StranicaDobrodoslice.png  used on 
input line 622.
(pdftex.def)             Requested size: 412.56497pt x 204.55408pt.
[39

]
<pictures/koristenje/Registracija.png, id=602, 1444.64719pt x 718.18312pt>
File: pictures/koristenje/Registracija.png Graphic file (type png)
<use pictures/koristenje/Registracija.png>
Package pdftex.def Info: pictures/koristenje/Registracija.png  used on input li
ne 631.
(pdftex.def)             Requested size: 412.56497pt x 205.10074pt.
 [40 <./pictures/koristenje/StranicaDobrodoslice.png>]
<pictures/koristenje/Pregled.png, id=612, 1443.89438pt x 715.92468pt>
File: pictures/koristenje/Pregled.png Graphic file (type png)
<use pictures/koristenje/Pregled.png>
Package pdftex.def Info: pictures/koristenje/Pregled.png  used on input line 64
4.
(pdftex.def)             Requested size: 412.56497pt x 204.55408pt.
 [41 <./pictures/koristenje/Registracija.png>]
<pictures/koristenje/Pracenje1.png, id=620, 1443.89438pt x 716.6775pt>
File: pictures/koristenje/Pracenje1.png Graphic file (type png)
<use pictures/koristenje/Pracenje1.png>
Package pdftex.def Info: pictures/koristenje/Pracenje1.png  used on input line 
653.
(pdftex.def)             Requested size: 412.56497pt x 204.76918pt.
<pictures/koristenje/Pracenje2.png, id=621, 1444.64719pt x 716.6775pt>
File: pictures/koristenje/Pracenje2.png Graphic file (type png)
<use pictures/koristenje/Pracenje2.png>
Package pdftex.def Info: pictures/koristenje/Pracenje2.png  used on input line 
659.
(pdftex.def)             Requested size: 412.56497pt x 204.67076pt.
 [42 <./pictures/koristenje/Pregled.png>]
<pictures/koristenje/GumbZaObavijesti.png, id=629, 370.38374pt x 319.94531pt>
File: pictures/koristenje/GumbZaObavijesti.png Graphic file (type png)
<use pictures/koristenje/GumbZaObavijesti.png>
Package pdftex.def Info: pictures/koristenje/GumbZaObavijesti.png  used on inpu
t line 668.
(pdftex.def)             Requested size: 240.74657pt x 207.96198pt.
<pictures/koristenje/ZahtjevObavijesti.png, id=630, 555.57562pt x 356.83313pt>
File: pictures/koristenje/ZahtjevObavijesti.png Graphic file (type png)
<use pictures/koristenje/ZahtjevObavijesti.png>
Package pdftex.def Info: pictures/koristenje/ZahtjevObavijesti.png  used on inp
ut line 674.
(pdftex.def)             Requested size: 305.56752pt x 196.25882pt.
 [43 <./pictures/koristenje/Pracenje1.png> <./pictures/koristenje/Pracenje2.png
>]
<pictures/koristenje/DetaljanPregledZadatka.png, id=641, 1443.89438pt x 715.924
68pt>
File: pictures/koristenje/DetaljanPregledZadatka.png Graphic file (type png)
<use pictures/koristenje/DetaljanPregledZadatka.png>
Package pdftex.def Info: pictures/koristenje/DetaljanPregledZadatka.png  used o
n input line 683.
(pdftex.def)             Requested size: 412.56497pt x 204.55408pt.
 [44 <./pictures/koristenje/GumbZaObavijesti.png> <./pictures/koristenje/Zahtje
vObavijesti.png>]
<pictures/koristenje/PregledRjesenja.png, id=650, 1444.64719pt x 718.18312pt>
File: pictures/koristenje/PregledRjesenja.png Graphic file (type png)
<use pictures/koristenje/PregledRjesenja.png>
Package pdftex.def Info: pictures/koristenje/PregledRjesenja.png  used on input
 line 692.
(pdftex.def)             Requested size: 412.56497pt x 205.10074pt.
 [45 <./pictures/koristenje/DetaljanPregledZadatka.png>]
<pictures/koristenje/DodajRjesenje.png, id=657, 1444.64719pt x 716.6775pt>
File: pictures/koristenje/DodajRjesenje.png Graphic file (type png)
<use pictures/koristenje/DodajRjesenje.png>
Package pdftex.def Info: pictures/koristenje/DodajRjesenje.png  used on input l
ine 701.
(pdftex.def)             Requested size: 412.56497pt x 204.67076pt.
<pictures/koristenje/StranicaRjesavanja.png, id=658, 1444.64719pt x 716.6775pt>

File: pictures/koristenje/StranicaRjesavanja.png Graphic file (type png)
<use pictures/koristenje/StranicaRjesavanja.png>
Package pdftex.def Info: pictures/koristenje/StranicaRjesavanja.png  used on in
put line 707.
(pdftex.def)             Requested size: 412.56497pt x 204.67076pt.
 [46 <./pictures/koristenje/PregledRjesenja.png>]
<pictures/koristenje/RijeseniZadatak.png, id=665, 1444.64719pt x 715.92468pt>
File: pictures/koristenje/RijeseniZadatak.png Graphic file (type png)
<use pictures/koristenje/RijeseniZadatak.png>
Package pdftex.def Info: pictures/koristenje/RijeseniZadatak.png  used on input
 line 713.
(pdftex.def)             Requested size: 412.56497pt x 204.45576pt.
 [47 <./pictures/koristenje/DodajRjesenje.png> <./pictures/koristenje/StranicaR
jesavanja.png>]
<pictures/koristenje/StvoriDropdown.png, id=676, 380.92313pt x 319.94531pt>
File: pictures/koristenje/StvoriDropdown.png Graphic file (type png)
<use pictures/koristenje/StvoriDropdown.png>
Package pdftex.def Info: pictures/koristenje/StvoriDropdown.png  used on input 
line 722.
(pdftex.def)             Requested size: 247.59709pt x 207.96198pt.
<pictures/koristenje/FormaStvaranja.png, id=677, 1444.64719pt x 718.93594pt>
File: pictures/koristenje/FormaStvaranja.png Graphic file (type png)
<use pictures/koristenje/FormaStvaranja.png>
Package pdftex.def Info: pictures/koristenje/FormaStvaranja.png  used on input 
line 728.
(pdftex.def)             Requested size: 412.56497pt x 205.31573pt.
 [48 <./pictures/koristenje/RijeseniZadatak.png>] [49 <./pictures/koristenje/St
voriDropdown.png> <./pictures/koristenje/FormaStvaranja.png>]
Poglavlje 8.
[50

] [51]
Poglavlje 9.

Package hyperref Warning: Composite letter `\textasciicaron+c'
(hyperref)                not defined in PD1 encoding,
(hyperref)                removing `\textasciicaron' on input line 744.


Underfull \hbox (badness 10000) in paragraph at lines 745--749

 []

(zavrsni.bbl [52

]
Underfull \hbox (badness 10000) in paragraph at lines 24--28
[]\T1/ptm/m/it/12 Bootstrap, Get-ting Star-ted\T1/ptm/m/n/12 .  Bo-ot-strap Tea
m, 10.6.2021.  URL
 []


Underfull \hbox (badness 10000) in paragraph at lines 24--28
[]$\T1/pcr/m/n/12 https : / / getbootstrap . com / docs / 5 . 0 / getting-[]sta
rted /
 []

[53

]
Underfull \hbox (badness 1852) in paragraph at lines 106--109
[]\T1/ptm/m/it/12 Java\T1/ptm/m/n/12 .  Ora-cle, 9.6.2021.  URL []$\T1/pcr/m/n/
12 https : / / www . oracle . com / java /
 []


Underfull \hbox (badness 1789) in paragraph at lines 126--129
[]\T1/ptm/m/it/12 Spring Fra-mework\T1/ptm/m/n/12 .  Spring, 7.6.2021.  URL []$
\T1/pcr/m/n/12 https : / / spring . io /
 []


Underfull \hbox (badness 2302) in paragraph at lines 136--139
[]\T1/ptm/m/it/12 Spring Data JPA\T1/ptm/m/n/12 .  Spring, 9.6.2021.  URL []$\T
1/pcr/m/n/12 https : / / spring . io /
 []

) [54] [55]
Overfull \hbox (1.33481pt too wide) in paragraph at lines 768--770
\T1/ptm/b/n/12 Keywords: \T1/ptm/m/n/12 Re-act, SPA ,Spring, REST, JWT, Pos-t-g
reSQL, pro-gra-ming pro-blems assin-
 []

Package atveryend Info: Empty hook `BeforeClearDocument' on input line 771.
[56]
Package atveryend Info: Empty hook `AfterLastShipout' on input line 771.
 (zavrsni.aux)
Package atveryend Info: Executing hook `AtVeryEndDocument' on input line 771.
Package atveryend Info: Executing hook `AtEndAfterFileList' on input line 771.
Package rerunfilecheck Info: File `zavrsni.out' has not changed.
(rerunfilecheck)             Checksum: 4CE9CCA5B5459F83D3B51B2EE4D2FD2B;3180.
Package atveryend Info: Empty hook `AtVeryVeryEnd' on input line 771.
 ) 
Here is how much of TeX's memory you used:
 11380 strings out of 480790
 172275 string characters out of 2910346
 461028 words of memory out of 3000000
 26916 multiletter control sequences out of 15000+200000
 590958 words of font info for 91 fonts, out of 3000000 for 9000
 1141 hyphenation exceptions out of 8191
 47i,15n,47p,1970b,494s stack positions out of 5000i,500n,10000p,200000b,50000s
{C:/Languages/Tex/fonts/enc/dvips/base/8r.enc}<C:/Languages/Tex/fonts/type1/u
rw/courier/ucrr8a.pfb><C:/Languages/Tex/fonts/type1/urw/courier/ucrro8a.pfb><C:
/Languages/Tex/fonts/type1/urw/helvetic/uhvb8a.pfb><C:/Languages/Tex/fonts/type
1/urw/helvetic/uhvr8a.pfb><C:/Languages/Tex/fonts/type1/urw/times/utmb8a.pfb><C
:/Languages/Tex/fonts/type1/urw/times/utmr8a.pfb><C:/Languages/Tex/fonts/type1/
urw/times/utmr8a.pfb><C:/Languages/Tex/fonts/type1/urw/times/utmri8a.pfb>
Output written on zavrsni.pdf (61 pages, 3486670 bytes).
PDF statistics:
 847 PDF objects out of 1000 (max. 8388607)
 208 named destinations out of 1000 (max. 500000)
 566 words of extra memory for PDF output out of 10000 (max. 10000000)

